<?xml version="1.0" encoding="utf-8"?><testsuites name="pytest tests"><testsuite name="pytest" errors="0" failures="0" skipped="0" tests="9" time="15.261" timestamp="2026-06-12T03:56:11.390523+00:00" hostname="agent-env-494f7cb5-b0b4-48ed-b8c3-8a94f01ce8f9"><testcase classname="backend.tests.backend_test.TestHealth" name="test_health_ok" time="0.322" /><testcase classname="backend.tests.backend_test.TestLeads" name="test_create_lead_valid" time="0.050" /><testcase classname="backend.tests.backend_test.TestLeads" name="test_create_lead_invalid_email" time="0.045" /><testcase classname="backend.tests.backend_test.TestLeads" name="test_create_lead_missing_name" time="0.044" /><testcase classname="backend.tests.backend_test.TestLeads" name="test_list_leads" time="0.049" /><testcase classname="backend.tests.backend_test.TestChat" name="test_chat_empty_message_rejected" time="0.043" /><testcase classname="backend.tests.backend_test.TestChat" name="test_chat_missing_message_rejected" time="0.043" /><testcase classname="backend.tests.backend_test.TestChat" name="test_chat_valid_question" time="7.002" /><testcase classname="backend.tests.backend_test.TestChat" name="test_chat_session_continuity" time="7.533" /></testsuite></testsuites>